<?xml version="1.0" encoding="UTF-8"?>
<testsuite name="ru.stqa.pft.addressbook.tests.ContactEmailTests" tests="1" skipped="0" failures="0" errors="0" timestamp="2018-10-08T20:12:19" hostname="DESKTOP-UV82PA8" time="0.439">
  <properties/>
  <testcase name="testContactMail" classname="ru.stqa.pft.addressbook.tests.ContactEmailTests" time="0.439"/>
  <system-out><![CDATA[]]></system-out>
  <system-err><![CDATA[]]></system-err>
</testsuite>
